<?xml version="1.0" encoding="UTF-8"?>
<testsuite xmlns:xsi="http://www.w3.org/2001/XMLSchema-instance" xsi:noNamespaceSchemaLocation="https://maven.apache.org/surefire/maven-surefire-plugin/xsd/surefire-test-report.xsd" name="TestSuite" time="3.241" tests="3" errors="0" skipped="0" failures="0">
  <properties>
    <property name="sun.desktop" value="windows"/>
    <property name="awt.toolkit" value="sun.awt.windows.WToolkit"/>
    <property name="file.encoding.pkg" value="sun.io"/>
    <property name="java.specification.version" value="1.8"/>
    <property name="sun.cpu.isalist" value="amd64"/>
    <property name="sun.jnu.encoding" value="GBK"/>
    <property name="java.class.path" value="D:\learn\citest\target\test-classes;D:\learn\citest\target\classes;c:\Maven\repo\org\springframework\boot\spring-boot-starter-web\2.4.1\spring-boot-starter-web-2.4.1.jar;c:\Maven\repo\org\springframework\boot\spring-boot-starter\2.4.1\spring-boot-starter-2.4.1.jar;c:\Maven\repo\org\springframework\boot\spring-boot-starter-logging\2.4.1\spring-boot-starter-logging-2.4.1.jar;c:\Maven\repo\ch\qos\logback\logback-classic\1.2.3\logback-classic-1.2.3.jar;c:\Maven\repo\ch\qos\logback\logback-core\1.2.3\logback-core-1.2.3.jar;c:\Maven\repo\org\apache\logging\log4j\log4j-to-slf4j\2.13.3\log4j-to-slf4j-2.13.3.jar;c:\Maven\repo\org\apache\logging\log4j\log4j-api\2.13.3\log4j-api-2.13.3.jar;c:\Maven\repo\org\slf4j\jul-to-slf4j\1.7.30\jul-to-slf4j-1.7.30.jar;c:\Maven\repo\jakarta\annotation\jakarta.annotation-api\1.3.5\jakarta.annotation-api-1.3.5.jar;c:\Maven\repo\org\yaml\snakeyaml\1.27\snakeyaml-1.27.jar;c:\Maven\repo\org\springframework\boot\spring-boot-starter-json\2.4.1\spring-boot-starter-json-2.4.1.jar;c:\Maven\repo\com\fasterxml\jackson\core\jackson-databind\2.11.3\jackson-databind-2.11.3.jar;c:\Maven\repo\com\fasterxml\jackson\core\jackson-annotations\2.11.3\jackson-annotations-2.11.3.jar;c:\Maven\repo\com\fasterxml\jackson\core\jackson-core\2.11.3\jackson-core-2.11.3.jar;c:\Maven\repo\com\fasterxml\jackson\datatype\jackson-datatype-jdk8\2.11.3\jackson-datatype-jdk8-2.11.3.jar;c:\Maven\repo\com\fasterxml\jackson\datatype\jackson-datatype-jsr310\2.11.3\jackson-datatype-jsr310-2.11.3.jar;c:\Maven\repo\com\fasterxml\jackson\module\jackson-module-parameter-names\2.11.3\jackson-module-parameter-names-2.11.3.jar;c:\Maven\repo\org\springframework\boot\spring-boot-starter-tomcat\2.4.1\spring-boot-starter-tomcat-2.4.1.jar;c:\Maven\repo\org\apache\tomcat\embed\tomcat-embed-core\9.0.41\tomcat-embed-core-9.0.41.jar;c:\Maven\repo\org\glassfish\jakarta.el\3.0.3\jakarta.el-3.0.3.jar;c:\Maven\repo\org\apache\tomcat\embed\tomcat-embed-websocket\9.0.41\tomcat-embed-websocket-9.0.41.jar;c:\Maven\repo\org\springframework\spring-web\5.3.2\spring-web-5.3.2.jar;c:\Maven\repo\org\springframework\spring-beans\5.3.2\spring-beans-5.3.2.jar;c:\Maven\repo\org\springframework\spring-webmvc\5.3.2\spring-webmvc-5.3.2.jar;c:\Maven\repo\org\springframework\spring-aop\5.3.2\spring-aop-5.3.2.jar;c:\Maven\repo\org\springframework\spring-context\5.3.2\spring-context-5.3.2.jar;c:\Maven\repo\org\springframework\spring-expression\5.3.2\spring-expression-5.3.2.jar;c:\Maven\repo\org\springframework\boot\spring-boot-devtools\2.4.1\spring-boot-devtools-2.4.1.jar;c:\Maven\repo\org\springframework\boot\spring-boot\2.4.1\spring-boot-2.4.1.jar;c:\Maven\repo\org\springframework\boot\spring-boot-autoconfigure\2.4.1\spring-boot-autoconfigure-2.4.1.jar;c:\Maven\repo\org\projectlombok\lombok\1.18.16\lombok-1.18.16.jar;c:\Maven\repo\org\springframework\boot\spring-boot-starter-test\2.4.1\spring-boot-starter-test-2.4.1.jar;c:\Maven\repo\org\springframework\boot\spring-boot-test\2.4.1\spring-boot-test-2.4.1.jar;c:\Maven\repo\org\springframework\boot\spring-boot-test-autoconfigure\2.4.1\spring-boot-test-autoconfigure-2.4.1.jar;c:\Maven\repo\com\jayway\jsonpath\json-path\2.4.0\json-path-2.4.0.jar;c:\Maven\repo\net\minidev\json-smart\2.3\json-smart-2.3.jar;c:\Maven\repo\net\minidev\accessors-smart\1.2\accessors-smart-1.2.jar;c:\Maven\repo\org\ow2\asm\asm\5.0.4\asm-5.0.4.jar;c:\Maven\repo\org\slf4j\slf4j-api\1.7.30\slf4j-api-1.7.30.jar;c:\Maven\repo\jakarta\xml\bind\jakarta.xml.bind-api\2.3.3\jakarta.xml.bind-api-2.3.3.jar;c:\Maven\repo\jakarta\activation\jakarta.activation-api\1.2.2\jakarta.activation-api-1.2.2.jar;c:\Maven\repo\org\assertj\assertj-core\3.18.1\assertj-core-3.18.1.jar;c:\Maven\repo\org\hamcrest\hamcrest\2.2\hamcrest-2.2.jar;c:\Maven\repo\org\junit\jupiter\junit-jupiter\5.7.0\junit-jupiter-5.7.0.jar;c:\Maven\repo\org\junit\jupiter\junit-jupiter-api\5.7.0\junit-jupiter-api-5.7.0.jar;c:\Maven\repo\org\apiguardian\apiguardian-api\1.1.0\apiguardian-api-1.1.0.jar;c:\Maven\repo\org\opentest4j\opentest4j\1.2.0\opentest4j-1.2.0.jar;c:\Maven\repo\org\junit\platform\junit-platform-commons\1.7.0\junit-platform-commons-1.7.0.jar;c:\Maven\repo\org\junit\jupiter\junit-jupiter-params\5.7.0\junit-jupiter-params-5.7.0.jar;c:\Maven\repo\org\junit\jupiter\junit-jupiter-engine\5.7.0\junit-jupiter-engine-5.7.0.jar;c:\Maven\repo\org\junit\platform\junit-platform-engine\1.7.0\junit-platform-engine-1.7.0.jar;c:\Maven\repo\org\mockito\mockito-core\3.6.28\mockito-core-3.6.28.jar;c:\Maven\repo\net\bytebuddy\byte-buddy\1.10.18\byte-buddy-1.10.18.jar;c:\Maven\repo\net\bytebuddy\byte-buddy-agent\1.10.18\byte-buddy-agent-1.10.18.jar;c:\Maven\repo\org\objenesis\objenesis\3.1\objenesis-3.1.jar;c:\Maven\repo\org\mockito\mockito-junit-jupiter\3.6.28\mockito-junit-jupiter-3.6.28.jar;c:\Maven\repo\org\skyscreamer\jsonassert\1.5.0\jsonassert-1.5.0.jar;c:\Maven\repo\com\vaadin\external\google\android-json\0.0.20131108.vaadin1\android-json-0.0.20131108.vaadin1.jar;c:\Maven\repo\org\springframework\spring-core\5.3.2\spring-core-5.3.2.jar;c:\Maven\repo\org\springframework\spring-jcl\5.3.2\spring-jcl-5.3.2.jar;c:\Maven\repo\org\springframework\spring-test\5.3.2\spring-test-5.3.2.jar;c:\Maven\repo\org\xmlunit\xmlunit-core\2.7.0\xmlunit-core-2.7.0.jar;c:\Maven\repo\org\apache\commons\commons-lang3\3.7\commons-lang3-3.7.jar;c:\Maven\repo\commons-io\commons-io\2.6\commons-io-2.6.jar;c:\Maven\repo\ru\yandex\qatools\allure\allure-testng-adaptor\1.3.6\allure-testng-adaptor-1.3.6.jar;c:\Maven\repo\ru\yandex\qatools\allure\allure-java-aspects\1.3.6\allure-java-aspects-1.3.6.jar;c:\Maven\repo\ru\yandex\qatools\allure\allure-java-commons\1.3.6\allure-java-commons-1.3.6.jar;c:\Maven\repo\ru\yandex\qatools\allure\allure-java-annotations\1.3.6\allure-java-annotations-1.3.6.jar;c:\Maven\repo\ru\yandex\qatools\allure\allure-model\1.3.6\allure-model-1.3.6.jar;c:\Maven\repo\ru\yandex\qatools\properties\properties-loader\1.4\properties-loader-1.4.jar;c:\Maven\repo\commons-beanutils\commons-beanutils-core\1.8.3\commons-beanutils-core-1.8.3.jar;c:\Maven\repo\commons-logging\commons-logging\1.1.1\commons-logging-1.1.1.jar;c:\Maven\repo\org\jvnet\jaxb2_commons\jaxb2-basics-runtime\0.6.5\jaxb2-basics-runtime-0.6.5.jar;c:\Maven\repo\com\sun\xml\bind\jaxb-impl\2.2.7\jaxb-impl-2.2.7.jar;c:\Maven\repo\com\sun\xml\bind\jaxb-core\2.2.7\jaxb-core-2.2.7.jar;c:\Maven\repo\javax\xml\bind\jaxb-api\2.3.1\jaxb-api-2.3.1.jar;c:\Maven\repo\javax\activation\javax.activation-api\1.2.0\javax.activation-api-1.2.0.jar;c:\Maven\repo\com\sun\istack\istack-commons-runtime\2.16\istack-commons-runtime-2.16.jar;c:\Maven\repo\com\sun\xml\fastinfoset\FastInfoset\1.2.12\FastInfoset-1.2.12.jar;c:\Maven\repo\javax\xml\bind\jsr173_api\1.0\jsr173_api-1.0.jar;c:\Maven\repo\org\aspectj\aspectjrt\1.9.6\aspectjrt-1.9.6.jar;c:\Maven\repo\com\google\inject\guice\4.0\guice-4.0.jar;c:\Maven\repo\javax\inject\javax.inject\1\javax.inject-1.jar;c:\Maven\repo\aopalliance\aopalliance\1.0\aopalliance-1.0.jar;c:\Maven\repo\com\google\guava\guava\16.0.1\guava-16.0.1.jar;c:\Maven\repo\io\qameta\allure\allure-testng\2.0-BETA14\allure-testng-2.0-BETA14.jar;c:\Maven\repo\io\qameta\allure\allure-descriptions-javadoc\2.0-BETA14\allure-descriptions-javadoc-2.0-BETA14.jar;c:\Maven\repo\io\qameta\allure\allure-java-commons\2.0-BETA14\allure-java-commons-2.0-BETA14.jar;c:\Maven\repo\io\qameta\allure\allure2-model-api\1.0-BETA6\allure2-model-api-1.0-BETA6.jar;c:\Maven\repo\io\qameta\allure\allure2-model-pojo\1.0-BETA6\allure2-model-pojo-1.0-BETA6.jar;c:\Maven\repo\org\apache\tika\tika-core\1.14\tika-core-1.14.jar;c:\Maven\repo\io\qameta\allure\allure2-model-jackson\1.0-BETA6\allure2-model-jackson-1.0-BETA6.jar;c:\Maven\repo\com\fasterxml\jackson\module\jackson-module-jaxb-annotations\2.11.3\jackson-module-jaxb-annotations-2.11.3.jar;c:\Maven\repo\org\jooq\joor\0.9.6\joor-0.9.6.jar;c:\Maven\repo\org\testng\testng\6.14.3\testng-6.14.3.jar;c:\Maven\repo\com\beust\jcommander\1.72\jcommander-1.72.jar;c:\Maven\repo\org\apache-extras\beanshell\bsh\2.0b6\bsh-2.0b6.jar;c:\Maven\repo\junit\junit\4.13.1\junit-4.13.1.jar;c:\Maven\repo\org\hamcrest\hamcrest-core\2.2\hamcrest-core-2.2.jar;"/>
    <property name="java.vm.vendor" value="Oracle Corporation"/>
    <property name="sun.arch.data.model" value="64"/>
    <property name="user.variant" value=""/>
    <property name="java.vendor.url" value="http://java.oracle.com/"/>
    <property name="user.timezone" value="Asia/Shanghai"/>
    <property name="java.vm.specification.version" value="1.8"/>
    <property name="os.name" value="Windows 10"/>
    <property name="user.country" value="CN"/>
    <property name="sun.java.launcher" value="SUN_STANDARD"/>
    <property name="sun.boot.library.path" value="D:\develop\java\jre\bin"/>
    <property name="sun.java.command" value="C:\Users\kaiming\AppData\Local\Temp\surefire4272203540799031753\surefirebooter4636264867021332186.jar C:\Users\kaiming\AppData\Local\Temp\surefire4272203540799031753 2022-11-14T14-31-46_048-jvmRun1 surefire6891913165096646700tmp surefire_08473274098737611918tmp"/>
    <property name="surefire.test.class.path" value="D:\learn\citest\target\test-classes;D:\learn\citest\target\classes;c:\Maven\repo\org\springframework\boot\spring-boot-starter-web\2.4.1\spring-boot-starter-web-2.4.1.jar;c:\Maven\repo\org\springframework\boot\spring-boot-starter\2.4.1\spring-boot-starter-2.4.1.jar;c:\Maven\repo\org\springframework\boot\spring-boot-starter-logging\2.4.1\spring-boot-starter-logging-2.4.1.jar;c:\Maven\repo\ch\qos\logback\logback-classic\1.2.3\logback-classic-1.2.3.jar;c:\Maven\repo\ch\qos\logback\logback-core\1.2.3\logback-core-1.2.3.jar;c:\Maven\repo\org\apache\logging\log4j\log4j-to-slf4j\2.13.3\log4j-to-slf4j-2.13.3.jar;c:\Maven\repo\org\apache\logging\log4j\log4j-api\2.13.3\log4j-api-2.13.3.jar;c:\Maven\repo\org\slf4j\jul-to-slf4j\1.7.30\jul-to-slf4j-1.7.30.jar;c:\Maven\repo\jakarta\annotation\jakarta.annotation-api\1.3.5\jakarta.annotation-api-1.3.5.jar;c:\Maven\repo\org\yaml\snakeyaml\1.27\snakeyaml-1.27.jar;c:\Maven\repo\org\springframework\boot\spring-boot-starter-json\2.4.1\spring-boot-starter-json-2.4.1.jar;c:\Maven\repo\com\fasterxml\jackson\core\jackson-databind\2.11.3\jackson-databind-2.11.3.jar;c:\Maven\repo\com\fasterxml\jackson\core\jackson-annotations\2.11.3\jackson-annotations-2.11.3.jar;c:\Maven\repo\com\fasterxml\jackson\core\jackson-core\2.11.3\jackson-core-2.11.3.jar;c:\Maven\repo\com\fasterxml\jackson\datatype\jackson-datatype-jdk8\2.11.3\jackson-datatype-jdk8-2.11.3.jar;c:\Maven\repo\com\fasterxml\jackson\datatype\jackson-datatype-jsr310\2.11.3\jackson-datatype-jsr310-2.11.3.jar;c:\Maven\repo\com\fasterxml\jackson\module\jackson-module-parameter-names\2.11.3\jackson-module-parameter-names-2.11.3.jar;c:\Maven\repo\org\springframework\boot\spring-boot-starter-tomcat\2.4.1\spring-boot-starter-tomcat-2.4.1.jar;c:\Maven\repo\org\apache\tomcat\embed\tomcat-embed-core\9.0.41\tomcat-embed-core-9.0.41.jar;c:\Maven\repo\org\glassfish\jakarta.el\3.0.3\jakarta.el-3.0.3.jar;c:\Maven\repo\org\apache\tomcat\embed\tomcat-embed-websocket\9.0.41\tomcat-embed-websocket-9.0.41.jar;c:\Maven\repo\org\springframework\spring-web\5.3.2\spring-web-5.3.2.jar;c:\Maven\repo\org\springframework\spring-beans\5.3.2\spring-beans-5.3.2.jar;c:\Maven\repo\org\springframework\spring-webmvc\5.3.2\spring-webmvc-5.3.2.jar;c:\Maven\repo\org\springframework\spring-aop\5.3.2\spring-aop-5.3.2.jar;c:\Maven\repo\org\springframework\spring-context\5.3.2\spring-context-5.3.2.jar;c:\Maven\repo\org\springframework\spring-expression\5.3.2\spring-expression-5.3.2.jar;c:\Maven\repo\org\springframework\boot\spring-boot-devtools\2.4.1\spring-boot-devtools-2.4.1.jar;c:\Maven\repo\org\springframework\boot\spring-boot\2.4.1\spring-boot-2.4.1.jar;c:\Maven\repo\org\springframework\boot\spring-boot-autoconfigure\2.4.1\spring-boot-autoconfigure-2.4.1.jar;c:\Maven\repo\org\projectlombok\lombok\1.18.16\lombok-1.18.16.jar;c:\Maven\repo\org\springframework\boot\spring-boot-starter-test\2.4.1\spring-boot-starter-test-2.4.1.jar;c:\Maven\repo\org\springframework\boot\spring-boot-test\2.4.1\spring-boot-test-2.4.1.jar;c:\Maven\repo\org\springframework\boot\spring-boot-test-autoconfigure\2.4.1\spring-boot-test-autoconfigure-2.4.1.jar;c:\Maven\repo\com\jayway\jsonpath\json-path\2.4.0\json-path-2.4.0.jar;c:\Maven\repo\net\minidev\json-smart\2.3\json-smart-2.3.jar;c:\Maven\repo\net\minidev\accessors-smart\1.2\accessors-smart-1.2.jar;c:\Maven\repo\org\ow2\asm\asm\5.0.4\asm-5.0.4.jar;c:\Maven\repo\org\slf4j\slf4j-api\1.7.30\slf4j-api-1.7.30.jar;c:\Maven\repo\jakarta\xml\bind\jakarta.xml.bind-api\2.3.3\jakarta.xml.bind-api-2.3.3.jar;c:\Maven\repo\jakarta\activation\jakarta.activation-api\1.2.2\jakarta.activation-api-1.2.2.jar;c:\Maven\repo\org\assertj\assertj-core\3.18.1\assertj-core-3.18.1.jar;c:\Maven\repo\org\hamcrest\hamcrest\2.2\hamcrest-2.2.jar;c:\Maven\repo\org\junit\jupiter\junit-jupiter\5.7.0\junit-jupiter-5.7.0.jar;c:\Maven\repo\org\junit\jupiter\junit-jupiter-api\5.7.0\junit-jupiter-api-5.7.0.jar;c:\Maven\repo\org\apiguardian\apiguardian-api\1.1.0\apiguardian-api-1.1.0.jar;c:\Maven\repo\org\opentest4j\opentest4j\1.2.0\opentest4j-1.2.0.jar;c:\Maven\repo\org\junit\platform\junit-platform-commons\1.7.0\junit-platform-commons-1.7.0.jar;c:\Maven\repo\org\junit\jupiter\junit-jupiter-params\5.7.0\junit-jupiter-params-5.7.0.jar;c:\Maven\repo\org\junit\jupiter\junit-jupiter-engine\5.7.0\junit-jupiter-engine-5.7.0.jar;c:\Maven\repo\org\junit\platform\junit-platform-engine\1.7.0\junit-platform-engine-1.7.0.jar;c:\Maven\repo\org\mockito\mockito-core\3.6.28\mockito-core-3.6.28.jar;c:\Maven\repo\net\bytebuddy\byte-buddy\1.10.18\byte-buddy-1.10.18.jar;c:\Maven\repo\net\bytebuddy\byte-buddy-agent\1.10.18\byte-buddy-agent-1.10.18.jar;c:\Maven\repo\org\objenesis\objenesis\3.1\objenesis-3.1.jar;c:\Maven\repo\org\mockito\mockito-junit-jupiter\3.6.28\mockito-junit-jupiter-3.6.28.jar;c:\Maven\repo\org\skyscreamer\jsonassert\1.5.0\jsonassert-1.5.0.jar;c:\Maven\repo\com\vaadin\external\google\android-json\0.0.20131108.vaadin1\android-json-0.0.20131108.vaadin1.jar;c:\Maven\repo\org\springframework\spring-core\5.3.2\spring-core-5.3.2.jar;c:\Maven\repo\org\springframework\spring-jcl\5.3.2\spring-jcl-5.3.2.jar;c:\Maven\repo\org\springframework\spring-test\5.3.2\spring-test-5.3.2.jar;c:\Maven\repo\org\xmlunit\xmlunit-core\2.7.0\xmlunit-core-2.7.0.jar;c:\Maven\repo\org\apache\commons\commons-lang3\3.7\commons-lang3-3.7.jar;c:\Maven\repo\commons-io\commons-io\2.6\commons-io-2.6.jar;c:\Maven\repo\ru\yandex\qatools\allure\allure-testng-adaptor\1.3.6\allure-testng-adaptor-1.3.6.jar;c:\Maven\repo\ru\yandex\qatools\allure\allure-java-aspects\1.3.6\allure-java-aspects-1.3.6.jar;c:\Maven\repo\ru\yandex\qatools\allure\allure-java-commons\1.3.6\allure-java-commons-1.3.6.jar;c:\Maven\repo\ru\yandex\qatools\allure\allure-java-annotations\1.3.6\allure-java-annotations-1.3.6.jar;c:\Maven\repo\ru\yandex\qatools\allure\allure-model\1.3.6\allure-model-1.3.6.jar;c:\Maven\repo\ru\yandex\qatools\properties\properties-loader\1.4\properties-loader-1.4.jar;c:\Maven\repo\commons-beanutils\commons-beanutils-core\1.8.3\commons-beanutils-core-1.8.3.jar;c:\Maven\repo\commons-logging\commons-logging\1.1.1\commons-logging-1.1.1.jar;c:\Maven\repo\org\jvnet\jaxb2_commons\jaxb2-basics-runtime\0.6.5\jaxb2-basics-runtime-0.6.5.jar;c:\Maven\repo\com\sun\xml\bind\jaxb-impl\2.2.7\jaxb-impl-2.2.7.jar;c:\Maven\repo\com\sun\xml\bind\jaxb-core\2.2.7\jaxb-core-2.2.7.jar;c:\Maven\repo\javax\xml\bind\jaxb-api\2.3.1\jaxb-api-2.3.1.jar;c:\Maven\repo\javax\activation\javax.activation-api\1.2.0\javax.activation-api-1.2.0.jar;c:\Maven\repo\com\sun\istack\istack-commons-runtime\2.16\istack-commons-runtime-2.16.jar;c:\Maven\repo\com\sun\xml\fastinfoset\FastInfoset\1.2.12\FastInfoset-1.2.12.jar;c:\Maven\repo\javax\xml\bind\jsr173_api\1.0\jsr173_api-1.0.jar;c:\Maven\repo\org\aspectj\aspectjrt\1.9.6\aspectjrt-1.9.6.jar;c:\Maven\repo\com\google\inject\guice\4.0\guice-4.0.jar;c:\Maven\repo\javax\inject\javax.inject\1\javax.inject-1.jar;c:\Maven\repo\aopalliance\aopalliance\1.0\aopalliance-1.0.jar;c:\Maven\repo\com\google\guava\guava\16.0.1\guava-16.0.1.jar;c:\Maven\repo\io\qameta\allure\allure-testng\2.0-BETA14\allure-testng-2.0-BETA14.jar;c:\Maven\repo\io\qameta\allure\allure-descriptions-javadoc\2.0-BETA14\allure-descriptions-javadoc-2.0-BETA14.jar;c:\Maven\repo\io\qameta\allure\allure-java-commons\2.0-BETA14\allure-java-commons-2.0-BETA14.jar;c:\Maven\repo\io\qameta\allure\allure2-model-api\1.0-BETA6\allure2-model-api-1.0-BETA6.jar;c:\Maven\repo\io\qameta\allure\allure2-model-pojo\1.0-BETA6\allure2-model-pojo-1.0-BETA6.jar;c:\Maven\repo\org\apache\tika\tika-core\1.14\tika-core-1.14.jar;c:\Maven\repo\io\qameta\allure\allure2-model-jackson\1.0-BETA6\allure2-model-jackson-1.0-BETA6.jar;c:\Maven\repo\com\fasterxml\jackson\module\jackson-module-jaxb-annotations\2.11.3\jackson-module-jaxb-annotations-2.11.3.jar;c:\Maven\repo\org\jooq\joor\0.9.6\joor-0.9.6.jar;c:\Maven\repo\org\testng\testng\6.14.3\testng-6.14.3.jar;c:\Maven\repo\com\beust\jcommander\1.72\jcommander-1.72.jar;c:\Maven\repo\org\apache-extras\beanshell\bsh\2.0b6\bsh-2.0b6.jar;c:\Maven\repo\junit\junit\4.13.1\junit-4.13.1.jar;c:\Maven\repo\org\hamcrest\hamcrest-core\2.2\hamcrest-core-2.2.jar;"/>
    <property name="sun.cpu.endian" value="little"/>
    <property name="allure.results.directory" value="D:\learn\citest\target/allure-results"/>
    <property name="user.home" value="C:\Users\kaiming"/>
    <property name="user.language" value="zh"/>
    <property name="java.specification.vendor" value="Oracle Corporation"/>
    <property name="java.home" value="D:\develop\java\jre"/>
    <property name="basedir" value="D:\learn\citest"/>
    <property name="file.separator" value="\"/>
    <property name="line.separator" value="&#10;"/>
    <property name="java.vm.specification.vendor" value="Oracle Corporation"/>
    <property name="java.specification.name" value="Java Platform API Specification"/>
    <property name="java.awt.graphicsenv" value="sun.awt.Win32GraphicsEnvironment"/>
    <property name="surefire.real.class.path" value="C:\Users\kaiming\AppData\Local\Temp\surefire4272203540799031753\surefirebooter4636264867021332186.jar;c:\Maven\repo/org/aspectj/aspectjweaver/1.9.5/aspectjweaver-1.9.5.jar"/>
    <property name="sun.boot.class.path" value="D:\develop\java\jre\lib\resources.jar;D:\develop\java\jre\lib\rt.jar;D:\develop\java\jre\lib\sunrsasign.jar;D:\develop\java\jre\lib\jsse.jar;D:\develop\java\jre\lib\jce.jar;D:\develop\java\jre\lib\charsets.jar;D:\develop\java\jre\lib\jfr.jar;D:\develop\java\jre\classes"/>
    <property name="user.script" value=""/>
    <property name="sun.management.compiler" value="HotSpot 64-Bit Tiered Compilers"/>
    <property name="java.runtime.version" value="1.8.0_151-b12"/>
    <property name="user.name" value="kaiming"/>
    <property name="path.separator" value=";"/>
    <property name="os.version" value="10.0"/>
    <property name="java.endorsed.dirs" value="D:\develop\java\jre\lib\endorsed"/>
    <property name="java.runtime.name" value="Java(TM) SE Runtime Environment"/>
    <property name="file.encoding" value="GBK"/>
    <property name="java.vm.name" value="Java HotSpot(TM) 64-Bit Server VM"/>
    <property name="localRepository" value="c:\Maven\repo"/>
    <property name="java.vendor.url.bug" value="http://bugreport.sun.com/bugreport/"/>
    <property name="java.io.tmpdir" value="C:\Users\kaiming\AppData\Local\Temp\"/>
    <property name="java.version" value="1.8.0_151"/>
    <property name="user.dir" value="D:\learn\citest"/>
    <property name="os.arch" value="amd64"/>
    <property name="java.vm.specification.name" value="Java Virtual Machine Specification"/>
    <property name="java.awt.printerjob" value="sun.awt.windows.WPrinterJob"/>
    <property name="sun.os.patch.level" value=""/>
    <property name="java.library.path" value="D:\develop\java\jre\bin;C:\Windows\Sun\Java\bin;C:\Windows\system32;C:\Windows;C:\Windows\system32;C:\Windows;C:\Windows\System32\Wbem;C:\Windows\System32\WindowsPowerShell\v1.0\;C:\Windows\System32\OpenSSH\;C:\Windows\system32\HwSysPrep\;D:\develop\java\bin;D:\develop\apache-maven-3.5.3\bin;C:\Users\kaiming\AppData\Local\Microsoft\WindowsApps;;."/>
    <property name="java.vm.info" value="mixed mode"/>
    <property name="java.vendor" value="Oracle Corporation"/>
    <property name="java.vm.version" value="25.151-b12"/>
    <property name="java.ext.dirs" value="D:\develop\java\jre\lib\ext;C:\Windows\Sun\Java\lib\ext"/>
    <property name="sun.io.unicode.encoding" value="UnicodeLittle"/>
    <property name="java.class.version" value="52.0"/>
  </properties>
  <testcase name="test" classname="com.kaiming.learn.citest.TestAnnotation" time="0.032"/>
  <testcase name="test2" classname="com.kaiming.learn.citest.TestAnnotation" time="0.006"/>
  <testcase name="testb" classname="com.kaiming.learn.citest.TestAnnotationB" time="0.018"/>
</testsuite>