<?xml version="1.0" encoding="UTF-8"?>
<!-- Generated by org.testng.reporters.JUnitReportReporter -->
<testsuite skipped="0" hostname="KAIMINGOA2" name="com.kaiming.learn.citest.TestAnnotationB" tests="1" failures="0" timestamp="14 十一月 2022 06:31:52 GMT" time="0.008" errors="0">
  <testcase name="testb" time="0.008" classname="com.kaiming.learn.citest.TestAnnotationB"/>
</testsuite> <!-- com.kaiming.learn.citest.TestAnnotationB -->
