<?xml version="1.0" encoding="UTF-8"?>
<!-- Generated by org.testng.reporters.JUnitReportReporter -->
<testsuite skipped="0" hostname="KAIMINGOA2" name="com.kaiming.learn.citest.TestAnnotation" tests="2" failures="0" timestamp="14 十一月 2022 06:31:52 GMT" time="0.139" errors="0">
  <testcase name="test" time="0.126" classname="com.kaiming.learn.citest.TestAnnotation"/>
  <testcase name="test2" time="0.013" classname="com.kaiming.learn.citest.TestAnnotation"/>
</testsuite> <!-- com.kaiming.learn.citest.TestAnnotation -->
